<?xml version="1.0" encoding="UTF-8"?>
<testsuite name="tests.weeder.WEEDERTests-20210728134811" tests="7" file="tests/weeder.py" time="6.701" timestamp="2021-07-28T13:48:24" failures="0" errors="0" skipped="0">
	<testcase classname="tests.weeder.WEEDERTests" name="test_WHEN_set_default_voltage_THEN_get_default_voltage_correctly" time="0.702" timestamp="2021-07-28T13:48:18" file="tests\weeder.py" line="55"/>
	<testcase classname="tests.weeder.WEEDERTests" name="test_WHEN_set_padding_THEN_get_padding_correctly" time="1.015" timestamp="2021-07-28T13:48:19" file="tests\weeder.py" line="46"/>
	<testcase classname="tests.weeder.WEEDERTests" name="test_WHEN_set_ramp_rate_THEN_get_ramp_rate_correctly" time="1.000" timestamp="2021-07-28T13:48:20" file="tests\weeder.py" line="49"/>
	<testcase classname="tests.weeder.WEEDERTests" name="test_WHEN_set_scurve_ramping_voltage_THEN_get_ramping_voltage_correctly" time="0.993" timestamp="2021-07-28T13:48:21" file="tests\weeder.py" line="43"/>
	<testcase classname="tests.weeder.WEEDERTests" name="test_WHEN_set_trapezoid_ramping_voltage_THEN_get_ramping_voltage_correctly" time="0.996" timestamp="2021-07-28T13:48:22" file="tests\weeder.py" line="40"/>
	<testcase classname="tests.weeder.WEEDERTests" name="test_WHEN_set_voltage_THEN_get_voltage_back_correctly" time="1.005" timestamp="2021-07-28T13:48:23" file="tests\weeder.py" line="37"/>
	<testcase classname="tests.weeder.WEEDERTests" name="test_WHEN_set_wait_THEN_get_wait_correctly" time="0.989" timestamp="2021-07-28T13:48:24" file="tests\weeder.py" line="52"/>
</testsuite>
