<?xml version="1.0" encoding="UTF-8"?>
<testsuite name="tests.weeder.WEEDERTests-20210727110812" tests="1" file="tests/weeder.py" time="0.711" timestamp="2021-07-27T11:08:18" failures="0" errors="0" skipped="0">
	<testcase classname="tests.weeder.WEEDERTests" name="test_WHEN_set_voltage_THEN_get_voltage_back_correctly" time="0.711" timestamp="2021-07-27T11:08:18" file="tests\weeder.py" line="42"/>
</testsuite>
