<?xml version="1.0" encoding="UTF-8"?>
<testsuite name="tests.weeder.WEEDERTests-20210802140445" tests="7" file="tests/weeder.py" time="6.312" timestamp="2021-08-02T14:04:58" failures="0" errors="0" skipped="0">
	<testcase classname="tests.weeder.WEEDERTests" name="test_WHEN_set_default_voltage_THEN_get_default_voltage_correctly" time="0.883" timestamp="2021-08-02T14:04:52" file="tests\weeder.py" line="56"/>
	<testcase classname="tests.weeder.WEEDERTests" name="test_WHEN_set_padding_THEN_get_padding_correctly" time="1.011" timestamp="2021-08-02T14:04:53" file="tests\weeder.py" line="46"/>
	<testcase classname="tests.weeder.WEEDERTests" name="test_WHEN_set_ramp_rate_THEN_get_ramp_rate_correctly" time="0.981" timestamp="2021-08-02T14:04:54" file="tests\weeder.py" line="49"/>
	<testcase classname="tests.weeder.WEEDERTests" name="test_WHEN_set_scurve_ramping_voltage_THEN_get_ramping_voltage_correctly" time="0.970" timestamp="2021-08-02T14:04:55" file="tests\weeder.py" line="43"/>
	<testcase classname="tests.weeder.WEEDERTests" name="test_WHEN_set_trapezoid_ramping_voltage_THEN_get_ramping_voltage_correctly" time="0.974" timestamp="2021-08-02T14:04:56" file="tests\weeder.py" line="40"/>
	<testcase classname="tests.weeder.WEEDERTests" name="test_WHEN_set_voltage_THEN_get_voltage_back_correctly" time="0.991" timestamp="2021-08-02T14:04:57" file="tests\weeder.py" line="37"/>
	<testcase classname="tests.weeder.WEEDERTests" name="test_WHEN_set_wait_THEN_get_wait_correctly" time="0.502" timestamp="2021-08-02T14:04:58" file="tests\weeder.py" line="52"/>
</testsuite>
